Build started 2015-12-07 10:00:18 PM.
     1>Project "C:\Users\Patrick\Documents\Visual Studio 2015\Projects\HWK6_duncanpd\HWK6_duncanpd\HWK6_duncanpd.vcxproj" on node 2 (Build target(s)).
     1>ClCompile:
         C:\Program Files (x86)\Microsoft Visual Studio 14.0\VC\bin\CL.exe /c /ZI /nologo /W3 /WX- /sdl /Od /Oy- /D _MBCS /Gm /EHsc /RTC1 /MDd /GS /fp:precise /Zc:wchar_t /Zc:forScope /Zc:inline /Fo"Debug\\" /Fd"Debug\vc140.pdb" /Gd /TP /analyze- /errorReport:prompt HWK6_duncanpd.cpp
         HWK6_duncanpd.cpp
     1>c:\users\patrick\documents\visual studio 2015\projects\hwk6_duncanpd\hwk6_duncanpd\hwk6_duncanpd.cpp(15): warning C4018: '<': signed/unsigned mismatch
     1>c:\users\patrick\documents\visual studio 2015\projects\hwk6_duncanpd\hwk6_duncanpd\hwk6_duncanpd.cpp(63): warning C4018: '<': signed/unsigned mismatch
     1>c:\users\patrick\documents\visual studio 2015\projects\hwk6_duncanpd\hwk6_duncanpd\hwk6_duncanpd.cpp(105): warning C4018: '<': signed/unsigned mismatch
     1>c:\users\patrick\documents\visual studio 2015\projects\hwk6_duncanpd\hwk6_duncanpd\hwk6_duncanpd.cpp(152): warning C4018: '<': signed/unsigned mismatch
     1>c:\users\patrick\documents\visual studio 2015\projects\hwk6_duncanpd\hwk6_duncanpd\hwk6_duncanpd.cpp(228): warning C4018: '<': signed/unsigned mismatch
     1>c:\users\patrick\documents\visual studio 2015\projects\hwk6_duncanpd\hwk6_duncanpd\hwk6_duncanpd.cpp(275): warning C4018: '<': signed/unsigned mismatch
       Link:
         C:\Program Files (x86)\Microsoft Visual Studio 14.0\VC\bin\link.exe /ERRORREPORT:PROMPT /OUT:"C:\Users\Patrick\Documents\Visual Studio 2015\Projects\HWK6_duncanpd\Debug\HWK6_duncanpd.exe" /INCREMENTAL /NOLOGO kernel32.lib user32.lib gdi32.lib winspool.lib comdlg32.lib advapi32.lib shell32.lib ole32.lib oleaut32.lib uuid.lib odbc32.lib odbccp32.lib /MANIFEST /MANIFESTUAC:"level='asInvoker' uiAccess='false'" /manifest:embed /Debug /PDB:"C:\Users\Patrick\Documents\Visual Studio 2015\Projects\HWK6_duncanpd\Debug\HWK6_duncanpd.pdb" /TLBID:1 /DYNAMICBASE /NXCOMPAT /IMPLIB:"C:\Users\Patrick\Documents\Visual Studio 2015\Projects\HWK6_duncanpd\Debug\HWK6_duncanpd.lib" /MACHINE:X86 Debug\Addition.obj
         Debug\ArithmeticExpression.obj
         Debug\Division.obj
         Debug\Expression.obj
         Debug\HWK6_duncanpd.obj
         Debug\Multiplication.obj
         Debug\Subtraction.obj
         HWK6_duncanpd.vcxproj -> C:\Users\Patrick\Documents\Visual Studio 2015\Projects\HWK6_duncanpd\Debug\HWK6_duncanpd.exe
     1>Done Building Project "C:\Users\Patrick\Documents\Visual Studio 2015\Projects\HWK6_duncanpd\HWK6_duncanpd\HWK6_duncanpd.vcxproj" (Build target(s)).

Build succeeded.

Time Elapsed 00:00:03.98
